[13-May-2016 20:49:01 UTC] PHP Fatal error:  Call to undefined function resolveUrl() in /home/www/current/arabece/arabece.com/templates/default/js/ckfinder/config.php on line 83
[14-May-2016 02:44:06 UTC] PHP Fatal error:  Call to undefined function resolveUrl() in /home/www/current/arabece/arabece.com/templates/default/js/ckfinder/config.php on line 83
[14-May-2016 09:14:06 UTC] PHP Fatal error:  Call to undefined function resolveUrl() in /home/www/current/arabece/arabece.com/templates/default/js/ckfinder/config.php on line 83
[14-May-2016 17:22:21 UTC] PHP Fatal error:  Call to undefined function resolveUrl() in /home/www/current/arabece/arabece.com/templates/default/js/ckfinder/config.php on line 83
[20-Jun-2016 01:05:45 UTC] PHP Fatal error:  Call to undefined function resolveUrl() in /home/www/current/arabece/arabece.com/templates/default/js/ckfinder/config.php on line 83
[21-Jun-2016 14:47:45 UTC] PHP Fatal error:  Call to undefined function resolveUrl() in /home/www/current/arabece/arabece.com/templates/default/js/ckfinder/config.php on line 83
[22-Jun-2016 01:37:32 UTC] PHP Fatal error:  Call to undefined function resolveUrl() in /home/www/current/arabece/arabece.com/templates/default/js/ckfinder/config.php on line 83
[22-Jun-2016 05:03:09 UTC] PHP Fatal error:  Call to undefined function resolveUrl() in /home/www/current/arabece/arabece.com/templates/default/js/ckfinder/config.php on line 83
[22-Jun-2016 07:46:00 UTC] PHP Fatal error:  Call to undefined function resolveUrl() in /home/www/current/arabece/arabece.com/templates/default/js/ckfinder/config.php on line 83
[22-Jun-2016 09:32:30 UTC] PHP Fatal error:  Call to undefined function resolveUrl() in /home/www/current/arabece/arabece.com/templates/default/js/ckfinder/config.php on line 83
[29-Oct-2016 00:18:17 UTC] PHP Fatal error:  Call to undefined function resolveUrl() in /home/www/current/arabece/arabece.com/templates/default/js/ckfinder/config.php on line 83
[07-Nov-2016 21:59:03 UTC] PHP Fatal error:  Call to undefined function resolveUrl() in /home/www/current/arabece/arabece.com/templates/default/js/ckfinder/config.php on line 83
[23-Jan-2017 00:03:21 UTC] PHP Fatal error:  Call to undefined function resolveUrl() in /home/www/current/arabece/arabece.com/templates/default/js/ckfinder/config.php on line 83
[23-Jan-2017 07:08:56 UTC] PHP Fatal error:  Call to undefined function resolveUrl() in /home/www/current/arabece/arabece.com/templates/default/js/ckfinder/config.php on line 83
[23-Jan-2017 13:46:25 UTC] PHP Fatal error:  Call to undefined function resolveUrl() in /home/www/current/arabece/arabece.com/templates/default/js/ckfinder/config.php on line 83
[23-Jan-2017 20:03:30 UTC] PHP Fatal error:  Call to undefined function resolveUrl() in /home/www/current/arabece/arabece.com/templates/default/js/ckfinder/config.php on line 83
[08-Apr-2017 06:46:18 UTC] PHP Fatal error:  Call to undefined function resolveUrl() in /home/www/current/arabece/arabece.com/templates/default/js/ckfinder/config.php on line 83
[17-May-2017 16:13:43 UTC] PHP Fatal error:  Call to undefined function resolveUrl() in /home/www/current/arabece/arabece.com/templates/default/js/ckfinder/config.php on line 83
[18-May-2017 01:46:05 UTC] PHP Fatal error:  Call to undefined function resolveUrl() in /home/www/current/arabece/arabece.com/templates/default/js/ckfinder/config.php on line 83
[18-May-2017 02:15:16 UTC] PHP Fatal error:  Call to undefined function resolveUrl() in /home/www/current/arabece/arabece.com/templates/default/js/ckfinder/config.php on line 83
[18-May-2017 04:02:05 UTC] PHP Fatal error:  Call to undefined function resolveUrl() in /home/www/current/arabece/arabece.com/templates/default/js/ckfinder/config.php on line 83
[18-May-2017 12:16:18 UTC] PHP Fatal error:  Call to undefined function resolveUrl() in /home/www/current/arabece/arabece.com/templates/default/js/ckfinder/config.php on line 83
[05-Aug-2017 10:33:28 UTC] PHP Fatal error:  Call to undefined function resolveUrl() in /home/www/current/arabece/arabece.com/templates/default/js/ckfinder/config.php on line 83
[06-Aug-2017 13:59:13 UTC] PHP Fatal error:  Call to undefined function resolveUrl() in /home/www/current/arabece/arabece.com/templates/default/js/ckfinder/config.php on line 83
[02-Oct-2017 11:46:41 UTC] PHP Fatal error:  Call to undefined function resolveUrl() in /home/www/current/arabece/arabece.com/templates/default/js/ckfinder/config.php on line 83
[02-Oct-2017 23:22:38 UTC] PHP Fatal error:  Call to undefined function resolveUrl() in /home/www/current/arabece/arabece.com/templates/default/js/ckfinder/config.php on line 83
[03-Oct-2017 00:54:36 UTC] PHP Fatal error:  Call to undefined function resolveUrl() in /home/www/current/arabece/arabece.com/templates/default/js/ckfinder/config.php on line 83
[04-Oct-2017 05:36:15 UTC] PHP Fatal error:  Call to undefined function resolveUrl() in /home/www/current/arabece/arabece.com/templates/default/js/ckfinder/config.php on line 83
[14-Oct-2017 13:37:08 UTC] PHP Fatal error:  Call to undefined function resolveUrl() in /home/www/current/arabece/arabece.com/templates/default/js/ckfinder/config.php on line 83
[05-Mar-2018 15:43:30 UTC] PHP Fatal error:  Call to undefined function resolveUrl() in /home/www/current/arabece/arabece.com/templates/default/js/ckfinder/config.php on line 83
[05-Mar-2018 15:43:32 UTC] PHP Fatal error:  Call to undefined function resolveUrl() in /home/www/current/arabece/arabece.com/templates/default/js/ckfinder/config.php on line 83
[05-Mar-2018 15:43:33 UTC] PHP Fatal error:  Call to undefined function resolveUrl() in /home/www/current/arabece/arabece.com/templates/default/js/ckfinder/config.php on line 83
[05-Mar-2018 15:43:35 UTC] PHP Fatal error:  Call to undefined function resolveUrl() in /home/www/current/arabece/arabece.com/templates/default/js/ckfinder/config.php on line 83
[05-Mar-2018 15:43:36 UTC] PHP Fatal error:  Call to undefined function resolveUrl() in /home/www/current/arabece/arabece.com/templates/default/js/ckfinder/config.php on line 83
[25-Apr-2018 13:01:11 UTC] PHP Fatal error:  Call to undefined function resolveUrl() in /home/www/current/arabece/arabece.com/templates/default/js/ckfinder/config.php on line 83
[25-Apr-2018 19:35:01 UTC] PHP Fatal error:  Call to undefined function resolveUrl() in /home/www/current/arabece/arabece.com/templates/default/js/ckfinder/config.php on line 83
[26-Apr-2018 01:05:34 UTC] PHP Fatal error:  Call to undefined function resolveUrl() in /home/www/current/arabece/arabece.com/templates/default/js/ckfinder/config.php on line 83
[26-Apr-2018 07:30:28 UTC] PHP Fatal error:  Call to undefined function resolveUrl() in /home/www/current/arabece/arabece.com/templates/default/js/ckfinder/config.php on line 83
[26-Apr-2018 10:33:38 UTC] PHP Fatal error:  Call to undefined function resolveUrl() in /home/www/current/arabece/arabece.com/templates/default/js/ckfinder/config.php on line 83
[26-Apr-2018 13:37:26 UTC] PHP Fatal error:  Call to undefined function resolveUrl() in /home/www/current/arabece/arabece.com/templates/default/js/ckfinder/config.php on line 83
[28-Jun-2018 08:46:31 UTC] PHP Fatal error:  Call to undefined function resolveUrl() in /home/www/current/arabece/arabece.com/templates/default/js/ckfinder/config.php on line 83
[28-Jun-2018 16:17:32 UTC] PHP Fatal error:  Call to undefined function resolveUrl() in /home/www/current/arabece/arabece.com/templates/default/js/ckfinder/config.php on line 83
[28-Jun-2018 18:29:32 UTC] PHP Fatal error:  Call to undefined function resolveUrl() in /home/www/current/arabece/arabece.com/templates/default/js/ckfinder/config.php on line 83
[30-Jun-2018 14:48:42 UTC] PHP Fatal error:  Call to undefined function resolveUrl() in /home/www/current/arabece/arabece.com/templates/default/js/ckfinder/config.php on line 83
[05-Jul-2018 16:28:03 UTC] PHP Fatal error:  Call to undefined function resolveUrl() in /home/www/current/arabece/arabece.com/templates/default/js/ckfinder/config.php on line 83
[23-Jul-2018 12:45:53 UTC] PHP Fatal error:  Call to undefined function resolveUrl() in /home/www/current/arabece/arabece.com/templates/default/js/ckfinder/config.php on line 83
[24-Jul-2018 02:22:01 UTC] PHP Fatal error:  Call to undefined function resolveUrl() in /home/www/current/arabece/arabece.com/templates/default/js/ckfinder/config.php on line 83
[24-Jul-2018 06:16:42 UTC] PHP Fatal error:  Call to undefined function resolveUrl() in /home/www/current/arabece/arabece.com/templates/default/js/ckfinder/config.php on line 83
[24-Jul-2018 19:22:49 UTC] PHP Fatal error:  Call to undefined function resolveUrl() in /home/www/current/arabece/arabece.com/templates/default/js/ckfinder/config.php on line 83
